Using pre-set license
Built from '2020.2/release' branch; Version is '2020.2.1f1 (270dd8c3da1c) revision 2559448'; Using compiler version '192528614'; Build Type 'Release'
OS: 'Windows 10  (10.0.0) 64bit' Language: 'en' Physical Memory: 16309 MB
BatchMode: 1, IsHumanControllingUs: 0, StartBugReporterOnCrash: 0, Is64bit: 1, IsPro: 0

 COMMAND LINE ARGUMENTS:
C:\Program Files\Unity\Hub\Editor\2020.2.1f1\Editor\Unity.exe
-adb2
-batchMode
-noUpm
-name
AssetImportWorker0
-projectPath
E:/FERRIS YEAR 4/CAPSTONE/UnityRepo/Ever_Onward/Ever_Onward
-logFile
Logs/AssetImportWorker0.log
-srvPort
57612
Successfully changed project path to: E:/FERRIS YEAR 4/CAPSTONE/UnityRepo/Ever_Onward/Ever_Onward
E:/FERRIS YEAR 4/CAPSTONE/UnityRepo/Ever_Onward/Ever_Onward
Using Asset Import Pipeline V2.
Refreshing native plugins compatible for Editor in 22.68 ms, found 0 plugins.
Preloading 0 native plugins for Editor in 0.00 ms.
Initialize engine version: 2020.2.1f1 (270dd8c3da1c)
[Subsystems] Discovering subsystems at path C:/Program Files/Unity/Hub/Editor/2020.2.1f1/Editor/Data/Resources/UnitySubsystems
[Subsystems] Discovering subsystems at path E:/FERRIS YEAR 4/CAPSTONE/UnityRepo/Ever_Onward/Ever_Onward/Assets
GfxDevice: creating device client; threaded=0
Direct3D:
    Version:  Direct3D 11.0 [level 11.1]
    Renderer: NVIDIA GeForce RTX 3080 (ID=0x2206)
    Vendor:   
    VRAM:     10078 MB
    Driver:   30.0.14.9676
Initialize mono
Mono path[0] = 'C:/Program Files/Unity/Hub/Editor/2020.2.1f1/Editor/Data/Managed'
Mono path[1] = 'C:/Program Files/Unity/Hub/Editor/2020.2.1f1/Editor/Data/MonoBleedingEdge/lib/mono/unityjit'
Mono config path = 'C:/Program Files/Unity/Hub/Editor/2020.2.1f1/Editor/Data/MonoBleedingEdge/etc'
Using monoOptions --debugger-agent=transport=dt_socket,embedding=1,server=y,suspend=n,address=127.0.0.1:56928
Begin MonoManager ReloadAssembly
Registering precompiled unity dll's ...
Register platform support module: C:/Program Files/Unity/Hub/Editor/2020.2.1f1/Editor/Data/PlaybackEngines/WindowsStandaloneSupport/UnityEditor.WindowsStandalone.Extensions.dll
Registered in 0.001472 seconds.
Native extension for WindowsStandalone target not found
Refreshing native plugins compatible for Editor in 21.31 ms, found 0 plugins.
Preloading 0 native plugins for Editor in 0.00 ms.
Invoked RoslynAnalysisRunner static constructor.
RoslynAnalysisRunner will not be running.
RoslynAnalysisRunner has terminated.
Mono: successfully reloaded assembly
- Completed reload, in  0.676 seconds
Platform modules already initialized, skipping
Registering precompiled user dll's ...
Registered in 0.000369 seconds.
Begin MonoManager ReloadAssembly
Native extension for WindowsStandalone target not found
Refreshing native plugins compatible for Editor in 0.28 ms, found 0 plugins.
Preloading 0 native plugins for Editor in 0.00 ms.
Invoked RoslynAnalysisRunner static constructor.
RoslynAnalysisRunner will not be running.
RoslynAnalysisRunner has terminated.
Mono: successfully reloaded assembly
- Completed reload, in  0.509 seconds
Platform modules already initialized, skipping
========================================================================
Worker process is ready to serve import requests
Launched and connected shader compiler UnityShaderCompiler.exe after 0.03 seconds
Refreshing native plugins compatible for Editor in 0.28 ms, found 0 plugins.
Preloading 0 native plugins for Editor in 0.00 ms.
Unloading 1251 Unused Serialized files (Serialized files now loaded: 0)
System memory in use before: 143.2 MB.
System memory in use after: 143.2 MB.

Unloading 9 unused Assets to reduce memory usage. Loaded Objects now: 1704.
Total: 1.532300 ms (FindLiveObjects: 0.139600 ms CreateObjectMapping: 0.037200 ms MarkObjects: 1.311300 ms  DeleteObjects: 0.043600 ms)

========================================================================
Received Import Request.
  path: Assets/Assest/Character/Enemy_2.0/Armor
  artifactKey: Guid(e5ebd06491bbb864ab10e7d4e42edc8c) Importer(815301076,1909f56bfc062723c751e8b465ee728b)
Start importing Assets/Assest/Character/Enemy_2.0/Armor using Guid(e5ebd06491bbb864ab10e7d4e42edc8c) Importer(815301076,1909f56bfc062723c751e8b465ee728b)  -> (artifact id: '154f73c840de10f5c688413d2cc21baa') in 0.041152 seconds
  Import took 0.049508 seconds .

========================================================================
Received Import Request.
  Time since last request: 22.367431 seconds.
  path: Assets/Assets/Character/Enemy_2.0/Base Enemy/Materials/Ghoul_Base_Color.mat
  artifactKey: Guid(f841e2dda97e8c540befb8ad364877e7) Importer(815301076,1909f56bfc062723c751e8b465ee728b)
Start importing Assets/Assets/Character/Enemy_2.0/Base Enemy/Materials/Ghoul_Base_Color.mat using Guid(f841e2dda97e8c540befb8ad364877e7) Importer(815301076,1909f56bfc062723c751e8b465ee728b)  -> (artifact id: '9fce35541fcf27791f5e785bc36a126a') in 0.349517 seconds
  Import took 0.352202 seconds .

========================================================================
Received Import Request.
  Time since last request: 42.806881 seconds.
  path: Assets/Assets/Character/Enemy_2.0/Base Enemy/Materials/Ghoul_Base_ColorRANGED.png
  artifactKey: Guid(699ef382748cc7145ab4294941899048) Importer(815301076,1909f56bfc062723c751e8b465ee728b)
Start importing Assets/Assets/Character/Enemy_2.0/Base Enemy/Materials/Ghoul_Base_ColorRANGED.png using Guid(699ef382748cc7145ab4294941899048) Importer(815301076,1909f56bfc062723c751e8b465ee728b)  -> (artifact id: 'a7dcd867c886097d44a5438482c01b87') in 0.029114 seconds
  Import took 0.030929 seconds .

========================================================================
Received Import Request.
  Time since last request: 0.011711 seconds.
  path: Assets/Assets/Character/Enemy_2.0/Base Enemy/Materials/Ghoul_Base_ColorRANGED.png
  artifactKey: Guid(699ef382748cc7145ab4294941899048) Importer(815301076,1909f56bfc062723c751e8b465ee728b)
Start importing Assets/Assets/Character/Enemy_2.0/Base Enemy/Materials/Ghoul_Base_ColorRANGED.png using Guid(699ef382748cc7145ab4294941899048) Importer(815301076,1909f56bfc062723c751e8b465ee728b)  -> (artifact id: 'a7dcd867c886097d44a5438482c01b87') in 0.019084 seconds
  Import took 0.020917 seconds .

========================================================================
Received Import Request.
  Time since last request: 29.802169 seconds.
  path: Assets/Assets/Character/Enemy_2.0/Base Enemy/Materials/Ghoul_RANGED.mat
  artifactKey: Guid(42216e59553380141b9cbbfd038aadc9) Importer(815301076,1909f56bfc062723c751e8b465ee728b)
Start importing Assets/Assets/Character/Enemy_2.0/Base Enemy/Materials/Ghoul_RANGED.mat using Guid(42216e59553380141b9cbbfd038aadc9) Importer(815301076,1909f56bfc062723c751e8b465ee728b)  -> (artifact id: 'd253cbd8f2e2e79345a5e7dfc1f30aa1') in 0.021234 seconds
  Import took 0.023179 seconds .

========================================================================
Received Import Request.
  Time since last request: 42.601618 seconds.
  path: Assets/Assets/Character/Enemy_2.0/Base Enemy/Materials/Ghoul_RANGED.mat
  artifactKey: Guid(42216e59553380141b9cbbfd038aadc9) Importer(815301076,1909f56bfc062723c751e8b465ee728b)
Start importing Assets/Assets/Character/Enemy_2.0/Base Enemy/Materials/Ghoul_RANGED.mat using Guid(42216e59553380141b9cbbfd038aadc9) Importer(815301076,1909f56bfc062723c751e8b465ee728b)  -> (artifact id: 'fda2c53e0a8843fcc7e4825dddf63d4d') in 0.023224 seconds
  Import took 0.025132 seconds .

AssetImportWorkerClient::OnTransportError - code=2 error=End of file
